#
# There is insufficient memory for the Java Runtime Environment to continue.
# Native memory allocation (malloc) failed to allocate 1048576 bytes. Error detail: AllocateHeap
# Possible reasons:
#   The system is out of physical RAM or swap space
#   This process is running with CompressedOops enabled, and the Java Heap may be blocking the growth of the native heap
# Possible solutions:
#   Reduce memory load on the system
#   Increase physical memory or swap space
#   Check if swap backing store is full
#   Decrease Java heap size (-Xmx/-Xms)
#   Decrease number of Java threads
#   Decrease Java thread stack sizes (-Xss)
#   Set larger code cache with -XX:ReservedCodeCacheSize=
#   JVM is running with Unscaled Compressed Oops mode in which the Java heap is
#     placed in the first 4GB address space. The Java Heap base address is the
#     maximum limit for the native heap growth. Please use -XX:HeapBaseMinAddress
#     to set the Java Heap base and to place the Java Heap above 4GB virtual address.
# This output file may be truncated or incomplete.
#
#  Out of Memory Error (allocation.cpp:44), pid=37192, tid=41152
#
# JRE version: OpenJDK Runtime Environment Temurin-21.0.11+10 (21.0.11+10) (build 21.0.11+10-LTS)
# Java VM: OpenJDK 64-Bit Server VM Temurin-21.0.11+10 (21.0.11+10-LTS, mixed mode, sharing, tiered, compressed oops, compressed class ptrs, parallel gc, windows-amd64)
# No core dump will be written. Minidumps are not enabled by default on client versions of Windows
#

---------------  S U M M A R Y ------------

Command Line: --add-modules=ALL-SYSTEM --add-opens=java.base/java.util=ALL-UNNAMED --add-opens=java.base/java.lang=ALL-UNNAMED --add-opens=java.base/sun.nio.fs=ALL-UNNAMED -Declipse.application=org.eclipse.jdt.ls.core.id1 -Dosgi.bundles.defaultStartLevel=4 -Declipse.product=org.eclipse.jdt.ls.core.product -Djava.import.generatesMetadataFilesAtProjectRoot=false -DDetectVMInstallationsJob.disabled=true -Dfile.encoding=utf8 -XX:+UseParallelGC -XX:GCTimeRatio=4 -XX:AdaptiveSizePolicyWeight=90 -Dsun.zip.disableMemoryMapping=true -Xmx2G -Xms100m -Xlog:disable -javaagent:c:\Users\Usuario\.vscode\extensions\redhat.java-1.55.0-win32-x64\lombok\lombok-1.18.39-4050.jar -XX:+HeapDumpOnOutOfMemoryError -XX:HeapDumpPath=c:\Users\Usuario\AppData\Roaming\Code\User\workspaceStorage\aa92371669930c0d767f10f954728c0f\redhat.java -Daether.dependencyCollector.impl=bf c:\Users\Usuario\.vscode\extensions\redhat.java-1.55.0-win32-x64\server\plugins\org.eclipse.equinox.launcher_1.7.200.v20260619-2039.jar -configuration c:\Users\Usuario\AppData\Roaming\Code\User\globalStorage\redhat.java\1.55.0\config_win -data c:\Users\Usuario\AppData\Roaming\Code\User\workspaceStorage\aa92371669930c0d767f10f954728c0f\redhat.java\jdt_ws --pipe=\\.\pipe\lsp-93c500938286c2980d352d0a874c5e83-sock

Host: AMD Ryzen 7 5700G with Radeon Graphics         , 16 cores, 31G,  Windows 11 , 64 bit Build 26100 (10.0.26100.8328)
Time: Thu Jul  2 22:10:50 2026 Hora estándar de Argentina elapsed time: 4551.373831 seconds (0d 1h 15m 51s)

---------------  T H R E A D  ---------------

Current thread (0x000001c625a4b450):  JavaThread "Attach Listener" daemon [_thread_in_vm, id=41152, stack(0x000000207e600000,0x000000207e700000) (1024K)]

Stack: [0x000000207e600000,0x000000207e700000]
Native frames: (J=compiled Java code, j=interpreted, Vv=VM code, C=native code)
V  [jvm.dll+0x6d7e19]
V  [jvm.dll+0x8b5096]
V  [jvm.dll+0x8b764e]
V  [jvm.dll+0x8b7d33]
V  [jvm.dll+0x284596]
V  [jvm.dll+0xc13c7]
V  [jvm.dll+0x6d86c9]
V  [jvm.dll+0x133616]
V  [jvm.dll+0x3f868e]
V  [jvm.dll+0x85fb0d]
V  [jvm.dll+0x6d664d]
C  [ucrtbase.dll+0x37b0]
C  [KERNEL32.DLL+0x2e957]
C  [ntdll.dll+0x427c]


---------------  P R O C E S S  ---------------

Threads class SMR info:
_java_thread_list=0x000001c607210c20, length=58, elements={
0x000001c6259a20e0, 0x000001c62594dea0, 0x000001c625a41b50, 0x000001c625a46b40,
0x000001c625a4b450, 0x000001c625a4d0b0, 0x000001c625a50bf0, 0x000001c625a57720,
0x000001c625a5b480, 0x000001c67ea992c0, 0x000001c67eb64f10, 0x000001c605039160,
0x000001c67e8f04b0, 0x000001c6055327b0, 0x000001c6052871d0, 0x000001c60543f560,
0x000001c67ea3ed30, 0x000001c60071fe70, 0x000001c60071eac0, 0x000001c6007218b0,
0x000001c607e165d0, 0x000001c607e1a0e0, 0x000001c607e172f0, 0x000001c607e16c60,
0x000001c607e1a770, 0x000001c607e18010, 0x000001c607e1ae00, 0x000001c607e19a50,
0x000001c607e193c0, 0x000001c607e18d30, 0x000001c607e17980, 0x000001c607e1b490,
0x000001c607e1bb20, 0x000001c607e1d560, 0x000001c607e1c1b0, 0x000001c607e1c840,
0x000001c607e1ced0, 0x000001c607e1dbf0, 0x000001c60724f8f0, 0x000001c60724f260,
0x000001c6074a9300, 0x000001c6074ace10, 0x000001c6074ae1c0, 0x000001c609ac40e0,
0x000001c609ac8280, 0x000001c60a35be30, 0x000001c606b405d0, 0x000001c606b3d7e0,
0x000001c606b42010, 0x000001c606b3d150, 0x000001c606b3de70, 0x000001c606b3cac0,
0x000001c606b3b080, 0x000001c606b3eb90, 0x000001c606b3b710, 0x000001c606b3ff40,
0x000001c6074a6ba0, 0x000001c6093058c0
}

Java Threads: ( => current thread )
  0x000001c6259a20e0 JavaThread "main"                              [_thread_blocked, id=45320, stack(0x000000207df00000,0x000000207e000000) (1024K)]
  0x000001c62594dea0 JavaThread "Reference Handler"          daemon [_thread_blocked, id=12580, stack(0x000000207e300000,0x000000207e400000) (1024K)]
  0x000001c625a41b50 JavaThread "Finalizer"                  daemon [_thread_blocked, id=46216, stack(0x000000207e400000,0x000000207e500000) (1024K)]
  0x000001c625a46b40 JavaThread "Signal Dispatcher"          daemon [_thread_blocked, id=36452, stack(0x000000207e500000,0x000000207e600000) (1024K)]
=>0x000001c625a4b450 JavaThread "Attach Listener"            daemon [_thread_in_vm, id=41152, stack(0x000000207e600000,0x000000207e700000) (1024K)]
  0x000001c625a4d0b0 JavaThread "Service Thread"             daemon [_thread_blocked, id=28180, stack(0x000000207e700000,0x000000207e800000) (1024K)]
  0x000001c625a50bf0 JavaThread "Monitor Deflation Thread"   daemon [_thread_blocked, id=39520, stack(0x000000207e800000,0x000000207e900000) (1024K)]
  0x000001c625a57720 JavaThread "C2 CompilerThread0"         daemon [_thread_blocked, id=30940, stack(0x000000207e900000,0x000000207ea00000) (1024K)]
  0x000001c625a5b480 JavaThread "C1 CompilerThread0"         daemon [_thread_blocked, id=11268, stack(0x000000207ea00000,0x000000207eb00000) (1024K)]
  0x000001c67ea992c0 JavaThread "Common-Cleaner"             daemon [_thread_blocked, id=20360, stack(0x000000207ee00000,0x000000207ef00000) (1024K)]
  0x000001c67eb64f10 JavaThread "Notification Thread"        daemon [_thread_blocked, id=29488, stack(0x000000207f000000,0x000000207f100000) (1024K)]
  0x000001c605039160 JavaThread "Active Thread: Equinox Container: d3992bb9-bf38-4120-947d-a5073907b70e"        [_thread_blocked, id=41116, stack(0x000000207f900000,0x000000207fa00000) (1024K)]
  0x000001c67e8f04b0 JavaThread "Refresh Thread: Equinox Container: d3992bb9-bf38-4120-947d-a5073907b70e" daemon [_thread_blocked, id=45192, stack(0x000000207ec00000,0x000000207ed00000) (1024K)]
  0x000001c6055327b0 JavaThread "Framework Event Dispatcher: Equinox Container: d3992bb9-bf38-4120-947d-a5073907b70e" daemon [_thread_blocked, id=41112, stack(0x000000207ed00000,0x000000207ee00000) (1024K)]
  0x000001c6052871d0 JavaThread "Start Level: Equinox Container: d3992bb9-bf38-4120-947d-a5073907b70e" daemon [_thread_blocked, id=11996, stack(0x000000207ef00000,0x000000207f000000) (1024K)]
  0x000001c60543f560 JavaThread "Bundle File Closer"         daemon [_thread_blocked, id=39456, stack(0x000000207fd00000,0x000000207fe00000) (1024K)]
  0x000001c67ea3ed30 JavaThread "SCR Component Actor"        daemon [_thread_blocked, id=44172, stack(0x000000207eb00000,0x000000207ec00000) (1024K)]
  0x000001c60071fe70 JavaThread "Worker-JM"                         [_thread_blocked, id=44388, stack(0x0000002000200000,0x0000002000300000) (1024K)]
  0x000001c60071eac0 JavaThread "JNA Cleaner"                daemon [_thread_blocked, id=32804, stack(0x0000002000500000,0x0000002000600000) (1024K)]
  0x000001c6007218b0 JavaThread "Java indexing"              daemon [_thread_blocked, id=37100, stack(0x0000002000a00000,0x0000002000b00000) (1024K)]
  0x000001c607e165d0 JavaThread "Thread-1"                   daemon [_thread_in_native, id=27716, stack(0x0000002000f00000,0x0000002001000000) (1024K)]
  0x000001c607e1a0e0 JavaThread "Thread-2"                   daemon [_thread_in_native, id=31132, stack(0x0000002001000000,0x0000002001100000) (1024K)]
  0x000001c607e172f0 JavaThread "Thread-3"                   daemon [_thread_in_native, id=30800, stack(0x0000002001100000,0x0000002001200000) (1024K)]
  0x000001c607e16c60 JavaThread "Thread-4"                   daemon [_thread_in_native, id=9224, stack(0x0000002001200000,0x0000002001300000) (1024K)]
  0x000001c607e1a770 JavaThread "Thread-5"                   daemon [_thread_in_native, id=46868, stack(0x0000002001300000,0x0000002001400000) (1024K)]
  0x000001c607e18010 JavaThread "Thread-6"                   daemon [_thread_in_native, id=15536, stack(0x0000002001400000,0x0000002001500000) (1024K)]
  0x000001c607e1ae00 JavaThread "Thread-7"                   daemon [_thread_in_native, id=45976, stack(0x0000002001500000,0x0000002001600000) (1024K)]
  0x000001c607e19a50 JavaThread "Thread-8"                   daemon [_thread_in_native, id=37956, stack(0x0000002001600000,0x0000002001700000) (1024K)]
  0x000001c607e193c0 JavaThread "Thread-9"                   daemon [_thread_in_native, id=40304, stack(0x0000002001700000,0x0000002001800000) (1024K)]
  0x000001c607e18d30 JavaThread "Thread-10"                  daemon [_thread_in_native, id=37752, stack(0x0000002001800000,0x0000002001900000) (1024K)]
  0x000001c607e17980 JavaThread "Thread-11"                  daemon [_thread_in_native, id=42164, stack(0x0000002001900000,0x0000002001a00000) (1024K)]
  0x000001c607e1b490 JavaThread "Thread-12"                  daemon [_thread_in_native, id=34648, stack(0x0000002001a00000,0x0000002001b00000) (1024K)]
  0x000001c607e1bb20 JavaThread "Thread-13"                  daemon [_thread_in_native, id=33424, stack(0x0000002001b00000,0x0000002001c00000) (1024K)]
  0x000001c607e1d560 JavaThread "Thread-14"                  daemon [_thread_in_native, id=19516, stack(0x0000002001c00000,0x0000002001d00000) (1024K)]
  0x000001c607e1c1b0 JavaThread "Thread-15"                  daemon [_thread_in_native, id=40264, stack(0x0000002001d00000,0x0000002001e00000) (1024K)]
  0x000001c607e1c840 JavaThread "Thread-16"                  daemon [_thread_in_native, id=35168, stack(0x0000002001e00000,0x0000002001f00000) (1024K)]
  0x000001c607e1ced0 JavaThread "Thread-17"                  daemon [_thread_in_native, id=35396, stack(0x0000002001f00000,0x0000002002000000) (1024K)]
  0x000001c607e1dbf0 JavaThread "pool-2-thread-1"                   [_thread_blocked, id=40272, stack(0x0000002002000000,0x0000002002100000) (1024K)]
  0x000001c60724f8f0 JavaThread "WorkspaceEventsHandler"            [_thread_blocked, id=40296, stack(0x0000002002600000,0x0000002002700000) (1024K)]
  0x000001c60724f260 JavaThread "pool-1-thread-1"                   [_thread_blocked, id=46892, stack(0x0000002002700000,0x0000002002800000) (1024K)]
  0x000001c6074a9300 JavaThread "PatternSearchJob-worker-5"  daemon [_thread_blocked, id=41124, stack(0x0000002003500000,0x0000002003600000) (1024K)]
  0x000001c6074ace10 JavaThread "PatternSearchJob-worker-8"  daemon [_thread_blocked, id=23660, stack(0x0000002003800000,0x0000002003900000) (1024K)]
  0x000001c6074ae1c0 JavaThread "PatternSearchJob-worker-11" daemon [_thread_blocked, id=42852, stack(0x0000002003b00000,0x0000002003c00000) (1024K)]
  0x000001c609ac40e0 JavaThread "PatternSearchJob-worker-12" daemon [_thread_blocked, id=45376, stack(0x0000002003c00000,0x0000002003d00000) (1024K)]
  0x000001c609ac8280 JavaThread "PatternSearchJob-worker-15" daemon [_thread_blocked, id=28740, stack(0x0000002003f00000,0x0000002004000000) (1024K)]
  0x000001c60a35be30 JavaThread "Cleaner-0"                  daemon [_thread_blocked, id=18616, stack(0x0000002004c00000,0x0000002004d00000) (1024K)]
  0x000001c606b405d0 JavaThread "Java Debug Server"          daemon [_thread_in_native, id=34896, stack(0x0000002000800000,0x0000002000900000) (1024K)]
  0x000001c606b3d7e0 JavaThread "RxSchedulerPurge-1"         daemon [_thread_blocked, id=32992, stack(0x0000002000e00000,0x0000002000f00000) (1024K)]
  0x000001c606b42010 JavaThread "RxCachedWorkerPoolEvictor-1" daemon [_thread_blocked, id=4656, stack(0x0000002002500000,0x0000002002600000) (1024K)]
  0x000001c606b3d150 JavaThread "Worker-18"                         [_thread_blocked, id=6116, stack(0x0000002002200000,0x0000002002300000) (1024K)]
  0x000001c606b3de70 JavaThread "pool-7-thread-3"                   [_thread_in_native, id=31148, stack(0x0000002000100000,0x0000002000200000) (1024K)]
  0x000001c606b3cac0 JavaThread "RxNewThreadScheduler-5"     daemon [_thread_blocked, id=9668, stack(0x0000002000900000,0x0000002000a00000) (1024K)]
  0x000001c606b3b080 JavaThread "Thread-22"                  daemon [_thread_in_native, id=41916, stack(0x0000002000b00000,0x0000002000c00000) (1024K)]
  0x000001c606b3eb90 JavaThread "Debuggee Stdout Handler"    daemon [_thread_in_native, id=37176, stack(0x0000002000c00000,0x0000002000d00000) (1024K)]
  0x000001c606b3b710 JavaThread "Debuggee Stderr Handler"    daemon [_thread_in_native, id=27740, stack(0x0000002000d00000,0x0000002000e00000) (1024K)]
  0x000001c606b3ff40 JavaThread "RxNewThreadScheduler-6"     daemon [_thread_blocked, id=31740, stack(0x0000002002100000,0x0000002002200000) (1024K)]
  0x000001c6074a6ba0 JavaThread "PatternSearchJob-worker-17" daemon [_thread_blocked, id=46972, stack(0x0000002004600000,0x0000002004700000) (1024K)]
  0x000001c6093058c0 JavaThread "Worker-24"                         [_thread_blocked, id=40476, stack(0x0000002000400000,0x0000002000500000) (1024K)]
Total: 58

Other Threads:
  0x000001c625932510 VMThread "VM Thread"                           [id=10116, stack(0x000000207e200000,0x000000207e300000) (1024K)]
  0x000001c62582bb20 WatcherThread "VM Periodic Task Thread"        [id=2484, stack(0x000000207e100000,0x000000207e200000) (1024K)]
  0x000001c6259c0750 WorkerThread "GC Thread#0"                     [id=29628, stack(0x000000207e000000,0x000000207e100000) (1024K)]
  0x000001c60523e160 WorkerThread "GC Thread#1"                     [id=12284, stack(0x000000207f200000,0x000000207f300000) (1024K)]
  0x000001c60523e510 WorkerThread "GC Thread#2"                     [id=20556, stack(0x000000207f300000,0x000000207f400000) (1024K)]
  0x000001c6006f8270 WorkerThread "GC Thread#3"                     [id=46084, stack(0x000000207f400000,0x000000207f500000) (1024K)]
  0x000001c6006f8620 WorkerThread "GC Thread#4"                     [id=19460, stack(0x000000207f500000,0x000000207f600000) (1024K)]
  0x000001c6006f89d0 WorkerThread "GC Thread#5"                     [id=41144, stack(0x000000207f600000,0x000000207f700000) (1024K)]
  0x000001c6006f8d80 WorkerThread "GC Thread#6"                     [id=36272, stack(0x000000207f700000,0x000000207f800000) (1024K)]
  0x000001c6052a8530 WorkerThread "GC Thread#7"                     [id=8260, stack(0x000000207fa00000,0x000000207fb00000) (1024K)]
  0x000001c6056c4780 WorkerThread "GC Thread#8"                     [id=31968, stack(0x000000207f100000,0x000000207f200000) (1024K)]
  0x000001c6051fc940 WorkerThread "GC Thread#9"                     [id=18488, stack(0x000000207f800000,0x000000207f900000) (1024K)]
  0x000001c6056ed6e0 WorkerThread "GC Thread#10"                    [id=28276, stack(0x000000207fb00000,0x000000207fc00000) (1024K)]
  0x000001c6054d92c0 WorkerThread "GC Thread#11"                    [id=39012, stack(0x000000207fc00000,0x000000207fd00000) (1024K)]
  0x000001c6057a7d30 WorkerThread "GC Thread#12"                    [id=19956, stack(0x0000002000300000,0x0000002000400000) (1024K)]
Total: 15

Threads with active compile tasks:
Total: 0

VM state: not at safepoint (normal execution)

VM Mutex/Monitor currently owned by a thread: None

Heap address: 0x0000000080000000, size: 2048 MB, Compressed Oops mode: 32-bit

CDS archive(s) mapped at: [0x000001c63d000000-0x000001c63dba0000-0x000001c63dba0000), size 12189696, SharedBaseAddress: 0x000001c63d000000, ArchiveRelocationMode: 1.
Compressed class space mapped at: 0x000001c63e000000-0x000001c67e000000, reserved size: 1073741824
Narrow klass base: 0x000001c63d000000, Narrow klass shift: 0, Narrow klass range: 0x100000000

GC Precious Log:
 CardTable entry size: 512
 CPUs: 16 total, 16 available
 Memory: 32634M
 Large Page Support: Disabled
 NUMA Support: Disabled
 Compressed Oops: Enabled (32-bit)
 Alignments: Space 512K, Generation 512K, Heap 2M
 Heap Min Capacity: 100M
 Heap Initial Capacity: 100M
 Heap Max Capacity: 2G
 Pre-touch: Disabled
 Parallel Workers: 13

Heap:
 PSYoungGen      total 5632K, used 4797K [0x00000000d5580000, 0x00000000d5c80000, 0x0000000100000000)
  eden space 5120K, 86% used [0x00000000d5580000,0x00000000d59d7488,0x00000000d5a80000)
  from space 512K, 68% used [0x00000000d5c00000,0x00000000d5c58000,0x00000000d5c80000)
  to   space 512K, 0% used [0x00000000d5b80000,0x00000000d5b80000,0x00000000d5c00000)
 ParOldGen       total 965120K, used 567260K [0x0000000080000000, 0x00000000bae80000, 0x00000000d5580000)
  object space 965120K, 58% used [0x0000000080000000,0x00000000a29f71e8,0x00000000bae80000)
 Metaspace       used 92710K, committed 94784K, reserved 1179648K
  class space    used 9536K, committed 10432K, reserved 1048576K

Card table byte_map: [0x000001c625340000,0x000001c625750000] _byte_map_base: 0x000001c624f40000

Marking Bits: (ParMarkBitMap*) 0x00007fff6eff4460
 Begin Bits: [0x000001c637e50000, 0x000001c639e50000)
 End Bits:   [0x000001c639e50000, 0x000001c63be50000)

Polling page: 0x000001c6237a0000

Metaspace:

Usage:
  Non-class:     81.22 MB used.
      Class:      9.31 MB used.
       Both:     90.54 MB used.

Virtual space:
  Non-class space:      128.00 MB reserved,      82.38 MB ( 64%) committed,  2 nodes.
      Class space:        1.00 GB reserved,      10.19 MB ( <1%) committed,  1 nodes.
             Both:        1.12 GB reserved,      92.56 MB (  8%) committed. 

Chunk freelists:
   Non-Class:  13.28 MB
       Class:  5.70 MB
        Both:  18.98 MB

MaxMetaspaceSize: unlimited
CompressedClassSpaceSize: 1.00 GB
Initial GC threshold: 21.00 MB
Current GC threshold: 150.94 MB
CDS: on
 - commit_granule_bytes: 65536.
 - commit_granule_words: 8192.
 - virtual_space_node_default_size: 8388608.
 - enlarge_chunks_in_place: 1.
 - use_allocation_guard: 0.


Internal statistics:

num_allocs_failed_limit: 9.
num_arena_births: 1892.
num_arena_deaths: 44.
num_vsnodes_births: 3.
num_vsnodes_deaths: 0.
num_space_committed: 1481.
num_space_uncommitted: 0.
num_chunks_returned_to_freelist: 66.
num_chunks_taken_from_freelist: 6599.
num_chunk_merges: 22.
num_chunk_splits: 3876.
num_chunks_enlarged: 1969.
num_inconsistent_stats: 0.

CodeHeap 'non-profiled nmethods': size=119168Kb used=22081Kb max_used=23250Kb free=97086Kb
 bounds [0x000001c630740000, 0x000001c631e00000, 0x000001c637ba0000]
CodeHeap 'profiled nmethods': size=119104Kb used=47510Kb max_used=51191Kb free=71593Kb
 bounds [0x000001c628ba0000, 0x000001c62bda0000, 0x000001c62fff0000]
CodeHeap 'non-nmethods': size=7488Kb used=1542Kb max_used=3339Kb free=5945Kb
 bounds [0x000001c62fff0000, 0x000001c630350000, 0x000001c630740000]
CodeCache: size=245760Kb, used=71133Kb, max_used=77780Kb, free=174624Kb
 total_blobs=19812, nmethods=18953, adapters=762, full_count=0
Compilation: enabled, stopped_count=0, restarted_count=0

Compilation events (20 events):
Event: 3260.297 Thread 0x000001c625a57720 23631       4       java.util.concurrent.ScheduledThreadPoolExecutor$ScheduledFutureTask::getDelay (16 bytes)
Event: 3260.299 Thread 0x000001c625a57720 nmethod 23631 0x000001c63155b290 code [0x000001c63155b440, 0x000001c63155b5d8]
Event: 3275.993 Thread 0x000001c625a5b480 23632       3       java.util.concurrent.locks.AbstractQueuedSynchronizer$ConditionObject::await (202 bytes)
Event: 3275.994 Thread 0x000001c625a5b480 nmethod 23632 0x000001c629e9cf90 code [0x000001c629e9d280, 0x000001c629e9e0b0]
Event: 3427.453 Thread 0x000001c625a5b480 23633       3       java.lang.ProcessHandleImpl::<init> (15 bytes)
Event: 3427.454 Thread 0x000001c625a5b480 nmethod 23633 0x000001c62ad8dd10 code [0x000001c62ad8dec0, 0x000001c62ad8e030]
Event: 3512.126 Thread 0x000001c625a5b480 23634       1       org.eclipse.osgi.internal.location.BasicLocation::isReadOnly (5 bytes)
Event: 3512.127 Thread 0x000001c625a5b480 nmethod 23634 0x000001c630c80d90 code [0x000001c630c80f20, 0x000001c630c80ff0]
Event: 3855.997 Thread 0x000001c625a5b480 23635       1       com.sun.jna.internal.Cleaner::access$200 (5 bytes)
Event: 3855.998 Thread 0x000001c625a5b480 nmethod 23635 0x000001c630c80a90 code [0x000001c630c80c20, 0x000001c630c80cd0]
Event: 3857.800 Thread 0x000001c625a5b480 23636       3       java.lang.ProcessHandleImpl::get (51 bytes)
Event: 3857.801 Thread 0x000001c625a5b480 nmethod 23636 0x000001c62a6fb390 code [0x000001c62a6fb5a0, 0x000001c62a6fbba8]
Event: 3857.801 Thread 0x000001c625a5b480 23637       3       java.lang.ProcessHandleImpl::isAlive (44 bytes)
Event: 3857.801 Thread 0x000001c625a5b480 nmethod 23637 0x000001c62a0bc190 code [0x000001c62a0bc340, 0x000001c62a0bc5a0]
Event: 3913.795 Thread 0x000001c625a5b480 23638  s    1       org.eclipse.core.internal.jobs.ThreadJob::isRunning (5 bytes)
Event: 3913.795 Thread 0x000001c625a5b480 nmethod 23638 0x000001c630c80710 code [0x000001c630c808a0, 0x000001c630c80a28]
Event: 4516.175 Thread 0x000001c625a5b480 23639   !   3       java.util.logging.LogManager::getUserContext (118 bytes)
Event: 4516.175 Thread 0x000001c625a5b480 nmethod 23639 0x000001c62923a490 code [0x000001c62923a640, 0x000001c62923a8b0]
Event: 4516.175 Thread 0x000001c625a5b480 23640       3       jdk.internal.access.SharedSecrets::getJavaAWTAccess (4 bytes)
Event: 4516.176 Thread 0x000001c625a5b480 nmethod 23640 0x000001c62a8c2f90 code [0x000001c62a8c3120, 0x000001c62a8c3218]

GC Heap History (20 events):
Event: 1835.782 GC heap before
{Heap before GC invocations=1414 (full 5):
 PSYoungGen      total 6144K, used 5588K [0x00000000d5580000, 0x00000000d5c80000, 0x0000000100000000)
  eden space 5120K, 99% used [0x00000000d5580000,0x00000000d5a7fff8,0x00000000d5a80000)
  from space 1024K, 45% used [0x00000000d5b80000,0x00000000d5bf5200,0x00000000d5c80000)
  to   space 1024K, 0% used [0x00000000d5a80000,0x00000000d5a80000,0x00000000d5b80000)
 ParOldGen       total 965120K, used 563993K [0x0000000080000000, 0x00000000bae80000, 0x00000000d5580000)
  object space 965120K, 58% used [0x0000000080000000,0x00000000a26c67c8,0x00000000bae80000)
 Metaspace       used 91811K, committed 93824K, reserved 1179648K
  class space    used 9393K, committed 10304K, reserved 1048576K
}
Event: 1835.783 GC heap after
{Heap after GC invocations=1414 (full 5):
 PSYoungGen      total 6144K, used 1002K [0x00000000d5580000, 0x00000000d5d80000, 0x0000000100000000)
  eden space 5120K, 0% used [0x00000000d5580000,0x00000000d5580000,0x00000000d5a80000)
  from space 1024K, 97% used [0x00000000d5a80000,0x00000000d5b7a930,0x00000000d5b80000)
  to   space 1536K, 0% used [0x00000000d5c00000,0x00000000d5c00000,0x00000000d5d80000)
 ParOldGen       total 965120K, used 564134K [0x0000000080000000, 0x00000000bae80000, 0x00000000d5580000)
  object space 965120K, 58% used [0x0000000080000000,0x00000000a26e99c8,0x00000000bae80000)
 Metaspace       used 91811K, committed 93824K, reserved 1179648K
  class space    used 9393K, committed 10304K, reserved 1048576K
}
Event: 1840.209 GC heap before
{Heap before GC invocations=1415 (full 5):
 PSYoungGen      total 6144K, used 6122K [0x00000000d5580000, 0x00000000d5d80000, 0x0000000100000000)
  eden space 5120K, 100% used [0x00000000d5580000,0x00000000d5a80000,0x00000000d5a80000)
  from space 1024K, 97% used [0x00000000d5a80000,0x00000000d5b7a930,0x00000000d5b80000)
  to   space 1536K, 0% used [0x00000000d5c00000,0x00000000d5c00000,0x00000000d5d80000)
 ParOldGen       total 965120K, used 564134K [0x0000000080000000, 0x00000000bae80000, 0x00000000d5580000)
  object space 965120K, 58% used [0x0000000080000000,0x00000000a26e99c8,0x00000000bae80000)
 Metaspace       used 91811K, committed 93824K, reserved 1179648K
  class space    used 9393K, committed 10304K, reserved 1048576K
}
Event: 1840.210 GC heap after
{Heap after GC invocations=1415 (full 5):
 PSYoungGen      total 6144K, used 820K [0x00000000d5580000, 0x00000000d5d00000, 0x0000000100000000)
  eden space 5120K, 0% used [0x00000000d5580000,0x00000000d5580000,0x00000000d5a80000)
  from space 1024K, 80% used [0x00000000d5c00000,0x00000000d5ccd200,0x00000000d5d00000)
  to   space 1024K, 0% used [0x00000000d5a80000,0x00000000d5a80000,0x00000000d5b80000)
 ParOldGen       total 965120K, used 564979K [0x0000000080000000, 0x00000000bae80000, 0x00000000d5580000)
  object space 965120K, 58% used [0x0000000080000000,0x00000000a27bcc08,0x00000000bae80000)
 Metaspace       used 91811K, committed 93824K, reserved 1179648K
  class space    used 9393K, committed 10304K, reserved 1048576K
}
Event: 1840.491 GC heap before
{Heap before GC invocations=1416 (full 5):
 PSYoungGen      total 6144K, used 5940K [0x00000000d5580000, 0x00000000d5d00000, 0x0000000100000000)
  eden space 5120K, 100% used [0x00000000d5580000,0x00000000d5a80000,0x00000000d5a80000)
  from space 1024K, 80% used [0x00000000d5c00000,0x00000000d5ccd200,0x00000000d5d00000)
  to   space 1024K, 0% used [0x00000000d5a80000,0x00000000d5a80000,0x00000000d5b80000)
 ParOldGen       total 965120K, used 564979K [0x0000000080000000, 0x00000000bae80000, 0x00000000d5580000)
  object space 965120K, 58% used [0x0000000080000000,0x00000000a27bcc08,0x00000000bae80000)
 Metaspace       used 91818K, committed 93824K, reserved 1179648K
  class space    used 9393K, committed 10304K, reserved 1048576K
}
Event: 1840.493 GC heap after
{Heap after GC invocations=1416 (full 5):
 PSYoungGen      total 6144K, used 1024K [0x00000000d5580000, 0x00000000d5e80000, 0x0000000100000000)
  eden space 5120K, 0% used [0x00000000d5580000,0x00000000d5580000,0x00000000d5a80000)
  from space 1024K, 100% used [0x00000000d5a80000,0x00000000d5b80000,0x00000000d5b80000)
  to   space 2048K, 0% used [0x00000000d5c80000,0x00000000d5c80000,0x00000000d5e80000)
 ParOldGen       total 965120K, used 565720K [0x0000000080000000, 0x00000000bae80000, 0x00000000d5580000)
  object space 965120K, 58% used [0x0000000080000000,0x00000000a2876318,0x00000000bae80000)
 Metaspace       used 91818K, committed 93824K, reserved 1179648K
  class space    used 9393K, committed 10304K, reserved 1048576K
}
Event: 1840.631 GC heap before
{Heap before GC invocations=1417 (full 5):
 PSYoungGen      total 6144K, used 6144K [0x00000000d5580000, 0x00000000d5e80000, 0x0000000100000000)
  eden space 5120K, 100% used [0x00000000d5580000,0x00000000d5a80000,0x00000000d5a80000)
  from space 1024K, 100% used [0x00000000d5a80000,0x00000000d5b80000,0x00000000d5b80000)
  to   space 2048K, 0% used [0x00000000d5c80000,0x00000000d5c80000,0x00000000d5e80000)
 ParOldGen       total 965120K, used 565720K [0x0000000080000000, 0x00000000bae80000, 0x00000000d5580000)
  object space 965120K, 58% used [0x0000000080000000,0x00000000a2876318,0x00000000bae80000)
 Metaspace       used 91821K, committed 93824K, reserved 1179648K
  class space    used 9393K, committed 10304K, reserved 1048576K
}
Event: 1840.633 GC heap after
{Heap after GC invocations=1417 (full 5):
 PSYoungGen      total 7168K, used 1428K [0x00000000d5580000, 0x00000000d5e80000, 0x0000000100000000)
  eden space 5120K, 0% used [0x00000000d5580000,0x00000000d5580000,0x00000000d5a80000)
  from space 2048K, 69% used [0x00000000d5c80000,0x00000000d5de5200,0x00000000d5e80000)
  to   space 2048K, 0% used [0x00000000d5a80000,0x00000000d5a80000,0x00000000d5c80000)
 ParOldGen       total 965120K, used 566786K [0x0000000080000000, 0x00000000bae80000, 0x00000000d5580000)
  object space 965120K, 58% used [0x0000000080000000,0x00000000a2980828,0x00000000bae80000)
 Metaspace       used 91821K, committed 93824K, reserved 1179648K
  class space    used 9393K, committed 10304K, reserved 1048576K
}
Event: 1841.062 GC heap before
{Heap before GC invocations=1418 (full 5):
 PSYoungGen      total 7168K, used 6548K [0x00000000d5580000, 0x00000000d5e80000, 0x0000000100000000)
  eden space 5120K, 100% used [0x00000000d5580000,0x00000000d5a80000,0x00000000d5a80000)
  from space 2048K, 69% used [0x00000000d5c80000,0x00000000d5de5200,0x00000000d5e80000)
  to   space 2048K, 0% used [0x00000000d5a80000,0x00000000d5a80000,0x00000000d5c80000)
 ParOldGen       total 965120K, used 566786K [0x0000000080000000, 0x00000000bae80000, 0x00000000d5580000)
  object space 965120K, 58% used [0x0000000080000000,0x00000000a2980828,0x00000000bae80000)
 Metaspace       used 91822K, committed 93824K, reserved 1179648K
  class space    used 9393K, committed 10304K, reserved 1048576K
}
Event: 1841.063 GC heap after
{Heap after GC invocations=1418 (full 5):
 PSYoungGen      total 5632K, used 192K [0x00000000d5580000, 0x00000000d5d00000, 0x0000000100000000)
  eden space 5120K, 0% used [0x00000000d5580000,0x00000000d5580000,0x00000000d5a80000)
  from space 512K, 37% used [0x00000000d5a80000,0x00000000d5ab0000,0x00000000d5b00000)
  to   space 1024K, 0% used [0x00000000d5c00000,0x00000000d5c00000,0x00000000d5d00000)
 ParOldGen       total 965120K, used 566810K [0x0000000080000000, 0x00000000bae80000, 0x00000000d5580000)
  object space 965120K, 58% used [0x0000000080000000,0x00000000a2986828,0x00000000bae80000)
 Metaspace       used 91822K, committed 93824K, reserved 1179648K
  class space    used 9393K, committed 10304K, reserved 1048576K
}
Event: 1843.026 GC heap before
{Heap before GC invocations=1419 (full 5):
 PSYoungGen      total 5632K, used 5312K [0x00000000d5580000, 0x00000000d5d00000, 0x0000000100000000)
  eden space 5120K, 100% used [0x00000000d5580000,0x00000000d5a80000,0x00000000d5a80000)
  from space 512K, 37% used [0x00000000d5a80000,0x00000000d5ab0000,0x00000000d5b00000)
  to   space 1024K, 0% used [0x00000000d5c00000,0x00000000d5c00000,0x00000000d5d00000)
 ParOldGen       total 965120K, used 566810K [0x0000000080000000, 0x00000000bae80000, 0x00000000d5580000)
  object space 965120K, 58% used [0x0000000080000000,0x00000000a2986828,0x00000000bae80000)
 Metaspace       used 91825K, committed 93824K, reserved 1179648K
  class space    used 9393K, committed 10304K, reserved 1048576K
}
Event: 1843.028 GC heap after
{Heap after GC invocations=1419 (full 5):
 PSYoungGen      total 5632K, used 506K [0x00000000d5580000, 0x00000000d5c80000, 0x0000000100000000)
  eden space 5120K, 0% used [0x00000000d5580000,0x00000000d5580000,0x00000000d5a80000)
  from space 512K, 98% used [0x00000000d5c00000,0x00000000d5c7e900,0x00000000d5c80000)
  to   space 1024K, 0% used [0x00000000d5a80000,0x00000000d5a80000,0x00000000d5b80000)
 ParOldGen       total 965120K, used 566866K [0x0000000080000000, 0x00000000bae80000, 0x00000000d5580000)
  object space 965120K, 58% used [0x0000000080000000,0x00000000a2994828,0x00000000bae80000)
 Metaspace       used 91825K, committed 93824K, reserved 1179648K
  class space    used 9393K, committed 10304K, reserved 1048576K
}
Event: 1849.527 GC heap before
{Heap before GC invocations=1420 (full 5):
 PSYoungGen      total 5632K, used 5626K [0x00000000d5580000, 0x00000000d5c80000, 0x0000000100000000)
  eden space 5120K, 100% used [0x00000000d5580000,0x00000000d5a80000,0x00000000d5a80000)
  from space 512K, 98% used [0x00000000d5c00000,0x00000000d5c7e900,0x00000000d5c80000)
  to   space 1024K, 0% used [0x00000000d5a80000,0x00000000d5a80000,0x00000000d5b80000)
 ParOldGen       total 965120K, used 566866K [0x0000000080000000, 0x00000000bae80000, 0x00000000d5580000)
  object space 965120K, 58% used [0x0000000080000000,0x00000000a2994828,0x00000000bae80000)
 Metaspace       used 91847K, committed 93824K, reserved 1179648K
  class space    used 9396K, committed 10304K, reserved 1048576K
}
Event: 1849.528 GC heap after
{Heap after GC invocations=1420 (full 5):
 PSYoungGen      total 6144K, used 384K [0x00000000d5580000, 0x00000000d5c80000, 0x0000000100000000)
  eden space 5120K, 0% used [0x00000000d5580000,0x00000000d5580000,0x00000000d5a80000)
  from space 1024K, 37% used [0x00000000d5a80000,0x00000000d5ae0000,0x00000000d5b80000)
  to   space 512K, 0% used [0x00000000d5c00000,0x00000000d5c00000,0x00000000d5c80000)
 ParOldGen       total 965120K, used 566938K [0x0000000080000000, 0x00000000bae80000, 0x00000000d5580000)
  object space 965120K, 58% used [0x0000000080000000,0x00000000a29a6828,0x00000000bae80000)
 Metaspace       used 91847K, committed 93824K, reserved 1179648K
  class space    used 9396K, committed 10304K, reserved 1048576K
}
Event: 1849.803 GC heap before
{Heap before GC invocations=1421 (full 5):
 PSYoungGen      total 6144K, used 5504K [0x00000000d5580000, 0x00000000d5c80000, 0x0000000100000000)
  eden space 5120K, 100% used [0x00000000d5580000,0x00000000d5a80000,0x00000000d5a80000)
  from space 1024K, 37% used [0x00000000d5a80000,0x00000000d5ae0000,0x00000000d5b80000)
  to   space 512K, 0% used [0x00000000d5c00000,0x00000000d5c00000,0x00000000d5c80000)
 ParOldGen       total 965120K, used 566938K [0x0000000080000000, 0x00000000bae80000, 0x00000000d5580000)
  object space 965120K, 58% used [0x0000000080000000,0x00000000a29a6828,0x00000000bae80000)
 Metaspace       used 92512K, committed 94528K, reserved 1179648K
  class space    used 9512K, committed 10432K, reserved 1048576K
}
Event: 1849.804 GC heap after
{Heap after GC invocations=1421 (full 5):
 PSYoungGen      total 5632K, used 416K [0x00000000d5580000, 0x00000000d5c80000, 0x0000000100000000)
  eden space 5120K, 0% used [0x00000000d5580000,0x00000000d5580000,0x00000000d5a80000)
  from space 512K, 81% used [0x00000000d5c00000,0x00000000d5c68000,0x00000000d5c80000)
  to   space 512K, 0% used [0x00000000d5b80000,0x00000000d5b80000,0x00000000d5c00000)
 ParOldGen       total 965120K, used 567034K [0x0000000080000000, 0x00000000bae80000, 0x00000000d5580000)
  object space 965120K, 58% used [0x0000000080000000,0x00000000a29be828,0x00000000bae80000)
 Metaspace       used 92512K, committed 94528K, reserved 1179648K
  class space    used 9512K, committed 10432K, reserved 1048576K
}
Event: 1850.546 GC heap before
{Heap before GC invocations=1422 (full 5):
 PSYoungGen      total 5632K, used 5536K [0x00000000d5580000, 0x00000000d5c80000, 0x0000000100000000)
  eden space 5120K, 100% used [0x00000000d5580000,0x00000000d5a80000,0x00000000d5a80000)
  from space 512K, 81% used [0x00000000d5c00000,0x00000000d5c68000,0x00000000d5c80000)
  to   space 512K, 0% used [0x00000000d5b80000,0x00000000d5b80000,0x00000000d5c00000)
 ParOldGen       total 965120K, used 567034K [0x0000000080000000, 0x00000000bae80000, 0x00000000d5580000)
  object space 965120K, 58% used [0x0000000080000000,0x00000000a29be828,0x00000000bae80000)
 Metaspace       used 92696K, committed 94720K, reserved 1179648K
  class space    used 9536K, committed 10432K, reserved 1048576K
}
Event: 1850.547 GC heap after
{Heap after GC invocations=1422 (full 5):
 PSYoungGen      total 5632K, used 384K [0x00000000d5580000, 0x00000000d5c80000, 0x0000000100000000)
  eden space 5120K, 0% used [0x00000000d5580000,0x00000000d5580000,0x00000000d5a80000)
  from space 512K, 75% used [0x00000000d5b80000,0x00000000d5be0000,0x00000000d5c00000)
  to   space 512K, 0% used [0x00000000d5c00000,0x00000000d5c00000,0x00000000d5c80000)
 ParOldGen       total 965120K, used 567163K [0x0000000080000000, 0x00000000bae80000, 0x00000000d5580000)
  object space 965120K, 58% used [0x0000000080000000,0x00000000a29ded08,0x00000000bae80000)
 Metaspace       used 92696K, committed 94720K, reserved 1179648K
  class space    used 9536K, committed 10432K, reserved 1048576K
}
Event: 1852.752 GC heap before
{Heap before GC invocations=1423 (full 5):
 PSYoungGen      total 5632K, used 5504K [0x00000000d5580000, 0x00000000d5c80000, 0x0000000100000000)
  eden space 5120K, 100% used [0x00000000d5580000,0x00000000d5a80000,0x00000000d5a80000)
  from space 512K, 75% used [0x00000000d5b80000,0x00000000d5be0000,0x00000000d5c00000)
  to   space 512K, 0% used [0x00000000d5c00000,0x00000000d5c00000,0x00000000d5c80000)
 ParOldGen       total 965120K, used 567163K [0x0000000080000000, 0x00000000bae80000, 0x00000000d5580000)
  object space 965120K, 58% used [0x0000000080000000,0x00000000a29ded08,0x00000000bae80000)
 Metaspace       used 92701K, committed 94720K, reserved 1179648K
  class space    used 9536K, committed 10432K, reserved 1048576K
}
Event: 1852.753 GC heap after
{Heap after GC invocations=1423 (full 5):
 PSYoungGen      total 5632K, used 352K [0x00000000d5580000, 0x00000000d5c80000, 0x0000000100000000)
  eden space 5120K, 0% used [0x00000000d5580000,0x00000000d5580000,0x00000000d5a80000)
  from space 512K, 68% used [0x00000000d5c00000,0x00000000d5c58000,0x00000000d5c80000)
  to   space 512K, 0% used [0x00000000d5b80000,0x00000000d5b80000,0x00000000d5c00000)
 ParOldGen       total 965120K, used 567260K [0x0000000080000000, 0x00000000bae80000, 0x00000000d5580000)
  object space 965120K, 58% used [0x0000000080000000,0x00000000a29f71e8,0x00000000bae80000)
 Metaspace       used 92701K, committed 94720K, reserved 1179648K
  class space    used 9536K, committed 10432K, reserved 1048576K
}

Dll operation events (12 events):
Event: 0.008 Loaded shared library c:\Users\Usuario\.vscode\extensions\redhat.java-1.55.0-win32-x64\jre\21.0.11-win32-x86_64\bin\java.dll
Event: 0.055 Loaded shared library c:\Users\Usuario\.vscode\extensions\redhat.java-1.55.0-win32-x64\jre\21.0.11-win32-x86_64\bin\zip.dll
Event: 0.072 Loaded shared library C:\Users\Usuario\.vscode\extensions\redhat.java-1.55.0-win32-x64\jre\21.0.11-win32-x86_64\bin\instrument.dll
Event: 0.102 Loaded shared library C:\Users\Usuario\.vscode\extensions\redhat.java-1.55.0-win32-x64\jre\21.0.11-win32-x86_64\bin\net.dll
Event: 0.136 Loaded shared library C:\Users\Usuario\.vscode\extensions\redhat.java-1.55.0-win32-x64\jre\21.0.11-win32-x86_64\bin\nio.dll
Event: 0.139 Loaded shared library C:\Users\Usuario\.vscode\extensions\redhat.java-1.55.0-win32-x64\jre\21.0.11-win32-x86_64\bin\zip.dll
Event: 0.160 Loaded shared library C:\Users\Usuario\.vscode\extensions\redhat.java-1.55.0-win32-x64\jre\21.0.11-win32-x86_64\bin\jimage.dll
Event: 0.265 Loaded shared library c:\Users\Usuario\.vscode\extensions\redhat.java-1.55.0-win32-x64\jre\21.0.11-win32-x86_64\bin\verify.dll
Event: 4.976 Loaded shared library C:\Users\Usuario\AppData\Roaming\Code\User\globalStorage\redhat.java\1.55.0\config_win\org.eclipse.equinox.launcher\org.eclipse.equinox.launcher.win32.win32.x86_64_1.3.100.v20260613-0559\eclipse_11924.dll
Event: 13.642 Loaded shared library C:\Users\Usuario\AppData\Local\Temp\jna-1531808526\jna7984770578430931901.dll
Event: 14.859 Loaded shared library C:\Users\Usuario\.vscode\extensions\redhat.java-1.55.0-win32-x64\jre\21.0.11-win32-x86_64\bin\sunmscapi.dll
Event: 15.216 Loaded shared library C:\Users\Usuario\.vscode\extensions\redhat.java-1.55.0-win32-x64\jre\21.0.11-win32-x86_64\bin\extnet.dll

Deoptimization events (20 events):
Event: 1849.533 Thread 0x000001c6074aba60 Uncommon trap: trap_request=0xffffff45 fr.pc=0x000001c631de97bc relative=0x000000000000047c
Event: 1849.533 Thread 0x000001c6074aba60 Uncommon trap: reason=unstable_if action=reinterpret pc=0x000001c631de97bc method=org.eclipse.jdt.internal.compiler.lookup.ModuleBinding$UnNamedModule.canAccess(Lorg/eclipse/jdt/internal/compiler/lookup/PackageBinding;)Z @ 4 c2
Event: 1849.533 Thread 0x000001c6074aba60 DEOPT PACKING pc=0x000001c631de97bc sp=0x00000020047fe290
Event: 1849.533 Thread 0x000001c6074aba60 DEOPT UNPACKING pc=0x000001c630043aa2 sp=0x00000020047fe240 mode 2
Event: 1849.533 Thread 0x000001c6074aba60 Uncommon trap: trap_request=0xffffffde fr.pc=0x000001c631c11f9c relative=0x000000000000431c
Event: 1849.533 Thread 0x000001c6074aba60 Uncommon trap: reason=class_check action=maybe_recompile pc=0x000001c631c11f9c method=org.eclipse.jdt.core.dom.DefaultBindingResolver.resolveName(Lorg/eclipse/jdt/core/dom/Name;)Lorg/eclipse/jdt/core/dom/IBinding; @ 847 c2
Event: 1849.533 Thread 0x000001c6074aba60 DEOPT PACKING pc=0x000001c631c11f9c sp=0x00000020047fe3f0
Event: 1849.533 Thread 0x000001c6074aba60 DEOPT UNPACKING pc=0x000001c630043aa2 sp=0x00000020047fe398 mode 2
Event: 1849.533 Thread 0x000001c6074aba60 Uncommon trap: trap_request=0xffffffde fr.pc=0x000001c631c11f9c relative=0x000000000000431c
Event: 1849.533 Thread 0x000001c6074aba60 Uncommon trap: reason=class_check action=maybe_recompile pc=0x000001c631c11f9c method=org.eclipse.jdt.core.dom.DefaultBindingResolver.resolveName(Lorg/eclipse/jdt/core/dom/Name;)Lorg/eclipse/jdt/core/dom/IBinding; @ 847 c2
Event: 1849.533 Thread 0x000001c6074aba60 DEOPT PACKING pc=0x000001c631c11f9c sp=0x00000020047fe3f0
Event: 1849.533 Thread 0x000001c6074aba60 DEOPT UNPACKING pc=0x000001c630043aa2 sp=0x00000020047fe398 mode 2
Event: 1849.533 Thread 0x000001c6074aba60 Uncommon trap: trap_request=0xffffffde fr.pc=0x000001c631c11f9c relative=0x000000000000431c
Event: 1849.533 Thread 0x000001c6074aba60 Uncommon trap: reason=class_check action=maybe_recompile pc=0x000001c631c11f9c method=org.eclipse.jdt.core.dom.DefaultBindingResolver.resolveName(Lorg/eclipse/jdt/core/dom/Name;)Lorg/eclipse/jdt/core/dom/IBinding; @ 847 c2
Event: 1849.533 Thread 0x000001c6074aba60 DEOPT PACKING pc=0x000001c631c11f9c sp=0x00000020047fe3f0
Event: 1849.533 Thread 0x000001c6074aba60 DEOPT UNPACKING pc=0x000001c630043aa2 sp=0x00000020047fe398 mode 2
Event: 1849.790 Thread 0x000001c6074aba60 Uncommon trap: trap_request=0xffffffbe fr.pc=0x000001c630ca5630 relative=0x0000000000000590
Event: 1849.790 Thread 0x000001c6074aba60 Uncommon trap: reason=profile_predicate action=maybe_recompile pc=0x000001c630ca5630 method=java.util.regex.Pattern.RemoveQEQuoting()V @ 7 c2
Event: 1849.790 Thread 0x000001c6074aba60 DEOPT PACKING pc=0x000001c630ca5630 sp=0x00000020047fdce0
Event: 1849.790 Thread 0x000001c6074aba60 DEOPT UNPACKING pc=0x000001c630043aa2 sp=0x00000020047fdc90 mode 2

Classes loaded (20 events):
Event: 1156.424 Loading class java/lang/ProcessBuilder
Event: 1156.424 Loading class java/lang/ProcessBuilder done
Event: 1156.424 Loading class java/lang/ProcessImpl
Event: 1156.425 Loading class java/lang/ProcessImpl done
Event: 1156.433 Loading class java/lang/ProcessImpl$2
Event: 1156.434 Loading class java/lang/ProcessImpl$2 done
Event: 1156.434 Loading class java/lang/Process$PipeInputStream
Event: 1156.434 Loading class java/lang/Process$PipeInputStream done
Event: 1156.443 Loading class jdk/internal/event/ProcessStartEvent
Event: 1156.443 Loading class jdk/internal/event/ProcessStartEvent done
Event: 1157.296 Loading class java/util/concurrent/ScheduledThreadPoolExecutor$DelayedWorkQueue$Itr
Event: 1157.296 Loading class java/util/concurrent/ScheduledThreadPoolExecutor$DelayedWorkQueue$Itr done
Event: 1157.814 Loading class java/util/regex/Pattern$Behind
Event: 1157.814 Loading class java/util/regex/Pattern$Behind done
Event: 1163.098 Loading class java/util/concurrent/CompletableFuture$AsyncRun
Event: 1163.099 Loading class java/util/concurrent/CompletableFuture$AsyncRun done
Event: 1667.890 Loading class jdk/internal/module/IllegalAccessLogger
Event: 1667.890 Loading class jdk/internal/module/IllegalAccessLogger done
Event: 1669.089 Loading class jdk/internal/module/IllegalAccessLogger
Event: 1669.089 Loading class jdk/internal/module/IllegalAccessLogger done

Classes unloaded (20 events):
Event: 14.032 Thread 0x000001c625932510 Unloading class 0x000001c63e1ac000 'java/lang/invoke/LambdaForm$MH+0x000001c63e1ac000'
Event: 14.032 Thread 0x000001c625932510 Unloading class 0x000001c63e1abc00 'java/lang/invoke/LambdaForm$MH+0x000001c63e1abc00'
Event: 14.032 Thread 0x000001c625932510 Unloading class 0x000001c63e1ab800 'java/lang/invoke/LambdaForm$BMH+0x000001c63e1ab800'
Event: 14.032 Thread 0x000001c625932510 Unloading class 0x000001c63e1ab400 'java/lang/invoke/LambdaForm$DMH+0x000001c63e1ab400'
Event: 14.032 Thread 0x000001c625932510 Unloading class 0x000001c63e1aa000 'java/lang/invoke/LambdaForm$DMH+0x000001c63e1aa000'
Event: 667.220 Thread 0x000001c625932510 Unloading class 0x000001c63e819400 'java/lang/invoke/LambdaForm$MH+0x000001c63e819400'
Event: 667.220 Thread 0x000001c625932510 Unloading class 0x000001c63e818c00 'java/lang/invoke/LambdaForm$MH+0x000001c63e818c00'
Event: 667.220 Thread 0x000001c625932510 Unloading class 0x000001c63e818000 'java/lang/invoke/LambdaForm$MH+0x000001c63e818000'
Event: 667.220 Thread 0x000001c625932510 Unloading class 0x000001c63e813800 'java/lang/invoke/LambdaForm$MH+0x000001c63e813800'
Event: 667.220 Thread 0x000001c625932510 Unloading class 0x000001c63e813000 'java/lang/invoke/LambdaForm$MH+0x000001c63e813000'
Event: 667.220 Thread 0x000001c625932510 Unloading class 0x000001c63e812c00 'java/lang/invoke/LambdaForm$MH+0x000001c63e812c00'
Event: 667.220 Thread 0x000001c625932510 Unloading class 0x000001c63e812400 'java/lang/invoke/LambdaForm$MH+0x000001c63e812400'
Event: 667.220 Thread 0x000001c625932510 Unloading class 0x000001c63e812000 'java/lang/invoke/LambdaForm$MH+0x000001c63e812000'
Event: 667.220 Thread 0x000001c625932510 Unloading class 0x000001c63e811800 'java/lang/invoke/LambdaForm$MH+0x000001c63e811800'
Event: 667.220 Thread 0x000001c625932510 Unloading class 0x000001c63e811400 'java/lang/invoke/LambdaForm$MH+0x000001c63e811400'
Event: 667.220 Thread 0x000001c625932510 Unloading class 0x000001c63e7f0400 'java/lang/invoke/LambdaForm$DMH+0x000001c63e7f0400'
Event: 667.220 Thread 0x000001c625932510 Unloading class 0x000001c63e7c1000 'java/lang/invoke/LambdaForm$DMH+0x000001c63e7c1000'
Event: 667.220 Thread 0x000001c625932510 Unloading class 0x000001c63e7c1400 'java/lang/invoke/LambdaForm$DMH+0x000001c63e7c1400'
Event: 667.220 Thread 0x000001c625932510 Unloading class 0x000001c63e7c0800 'java/lang/invoke/LambdaForm$DMH+0x000001c63e7c0800'
Event: 667.220 Thread 0x000001c625932510 Unloading class 0x000001c63e7c0c00 'java/lang/invoke/LambdaForm$DMH+0x000001c63e7c0c00'

Classes redefined (0 events):
No events

Internal exceptions (20 events):
Event: 1600.174 Thread 0x000001c6007218b0 Exception <a 'java/lang/NullPointerException'{0x00000000d567b378}> (0x00000000d567b378) 
thrown [s\src\hotspot\share\runtime\sharedRuntime.cpp, line 625]
Event: 1600.174 Thread 0x000001c6007218b0 Implicit null exception at 0x000001c62a9e2b75 to 0x000001c62a9e3d53
Event: 1600.174 Thread 0x000001c6007218b0 Exception <a 'java/lang/NullPointerException'{0x00000000d567fb78}> (0x00000000d567fb78) 
thrown [s\src\hotspot\share\runtime\sharedRuntime.cpp, line 625]
Event: 1600.174 Thread 0x000001c6007218b0 Implicit null exception at 0x000001c62a9e2b75 to 0x000001c62a9e3d53
Event: 1600.174 Thread 0x000001c6007218b0 Exception <a 'java/lang/NullPointerException'{0x00000000d5680958}> (0x00000000d5680958) 
thrown [s\src\hotspot\share\runtime\sharedRuntime.cpp, line 625]
Event: 1600.174 Thread 0x000001c6007218b0 Implicit null exception at 0x000001c62a9e2b75 to 0x000001c62a9e3d53
Event: 1600.174 Thread 0x000001c6007218b0 Exception <a 'java/lang/NullPointerException'{0x00000000d5681358}> (0x00000000d5681358) 
thrown [s\src\hotspot\share\runtime\sharedRuntime.cpp, line 625]
Event: 1600.174 Thread 0x000001c6007218b0 Implicit null exception at 0x000001c62a9e2b75 to 0x000001c62a9e3d53
Event: 1600.174 Thread 0x000001c6007218b0 Exception <a 'java/lang/NullPointerException'{0x00000000d5681f50}> (0x00000000d5681f50) 
thrown [s\src\hotspot\share\runtime\sharedRuntime.cpp, line 625]
Event: 1600.174 Thread 0x000001c6007218b0 Implicit null exception at 0x000001c62a9e2b75 to 0x000001c62a9e3d53
Event: 1600.174 Thread 0x000001c6007218b0 Exception <a 'java/lang/NullPointerException'{0x00000000d5682cc8}> (0x00000000d5682cc8) 
thrown [s\src\hotspot\share\runtime\sharedRuntime.cpp, line 625]
Event: 1621.012 Thread 0x000001c609304ba0 Implicit null exception at 0x000001c63166b703 to 0x000001c63166be3c
Event: 1667.733 Thread 0x000001c6007218b0 Exception <a 'sun/nio/fs/WindowsException'{0x00000000d59c3428}> (0x00000000d59c3428) 
thrown [s\src\hotspot\share\prims\jni.cpp, line 520]
Event: 1668.014 Thread 0x000001c6007218b0 Exception <a 'sun/nio/fs/WindowsException'{0x00000000d562d680}> (0x00000000d562d680) 
thrown [s\src\hotspot\share\prims\jni.cpp, line 520]
Event: 1731.692 Thread 0x000001c60a360cf0 Exception <a 'sun/nio/fs/WindowsException'{0x00000000d5724930}> (0x00000000d5724930) 
thrown [s\src\hotspot\share\prims\jni.cpp, line 520]
Event: 1731.692 Thread 0x000001c60a360cf0 Exception <a 'sun/nio/fs/WindowsException'{0x00000000d57252d8}> (0x00000000d57252d8) 
thrown [s\src\hotspot\share\prims\jni.cpp, line 520]
Event: 1731.692 Thread 0x000001c60a360cf0 Exception <a 'sun/nio/fs/WindowsException'{0x00000000d572bc48}> (0x00000000d572bc48) 
thrown [s\src\hotspot\share\prims\jni.cpp, line 520]
Event: 1731.692 Thread 0x000001c60a360cf0 Exception <a 'sun/nio/fs/WindowsException'{0x00000000d572c5f0}> (0x00000000d572c5f0) 
thrown [s\src\hotspot\share\prims\jni.cpp, line 520]
Event: 1843.032 Thread 0x000001c6074aba60 Exception <a 'java/lang/NoSuchMethodError'{0x00000000d56e6338}: 'java.lang.Object java.lang.invoke.DirectMethodHandle$Holder.invokeStatic(java.lang.Object, int, java.lang.Object)'> (0x00000000d56e6338) 
thrown [s\src\hotspot\share\interpreter\linkResolver.cpp, line 773]
Event: 1849.525 Thread 0x000001c60724f260 Exception <a 'java/lang/IncompatibleClassChangeError'{0x00000000d5a482f8}: Found class java.lang.Object, but interface was expected> (0x00000000d5a482f8) 
thrown [s\src\hotspot\share\interpreter\linkResolver.cpp, line 840]

ZGC Phase Switch (0 events):
No events

VM Operations (20 events):
Event: 3428.393 Executing non-safepoint VM operation: HandshakeAllThreads (HandshakeForDeflation)
Event: 3428.393 Executing non-safepoint VM operation: HandshakeAllThreads (HandshakeForDeflation) done
Event: 3428.393 Executing non-safepoint VM operation: RendezvousGCThreads
Event: 3428.393 Executing non-safepoint VM operation: RendezvousGCThreads done
Event: 3668.964 Executing non-safepoint VM operation: HandshakeAllThreads (HandshakeForDeflation)
Event: 3668.964 Executing non-safepoint VM operation: HandshakeAllThreads (HandshakeForDeflation) done
Event: 3668.964 Executing non-safepoint VM operation: RendezvousGCThreads
Event: 3668.964 Executing non-safepoint VM operation: RendezvousGCThreads done
Event: 3969.855 Executing non-safepoint VM operation: HandshakeAllThreads (HandshakeForDeflation)
Event: 3969.856 Executing non-safepoint VM operation: HandshakeAllThreads (HandshakeForDeflation) done
Event: 3969.856 Executing non-safepoint VM operation: RendezvousGCThreads
Event: 3969.856 Executing non-safepoint VM operation: RendezvousGCThreads done
Event: 4330.826 Executing non-safepoint VM operation: HandshakeAllThreads (HandshakeForDeflation)
Event: 4330.826 Executing non-safepoint VM operation: HandshakeAllThreads (HandshakeForDeflation) done
Event: 4330.826 Executing non-safepoint VM operation: RendezvousGCThreads
Event: 4330.826 Executing non-safepoint VM operation: RendezvousGCThreads done
Event: 4511.418 Executing non-safepoint VM operation: HandshakeAllThreads (HandshakeForDeflation)
Event: 4511.418 Executing non-safepoint VM operation: HandshakeAllThreads (HandshakeForDeflation) done
Event: 4511.418 Executing non-safepoint VM operation: RendezvousGCThreads
Event: 4511.418 Executing non-safepoint VM operation: RendezvousGCThreads done

Memory protections (0 events):
No events

Nmethod flushes (20 events):
Event: 1175.721 Thread 0x000001c625932510 flushing  nmethod 0x000001c62aeced90
Event: 1175.721 Thread 0x000001c625932510 flushing  nmethod 0x000001c62aef9e90
Event: 1175.721 Thread 0x000001c625932510 flushing osr nmethod 0x000001c62aefe290
Event: 1175.721 Thread 0x000001c625932510 flushing  nmethod 0x000001c62af01010
Event: 1175.721 Thread 0x000001c625932510 flushing  nmethod 0x000001c62af04b10
Event: 1175.721 Thread 0x000001c625932510 flushing  nmethod 0x000001c62af09610
Event: 1175.721 Thread 0x000001c625932510 flushing  nmethod 0x000001c62af0a290
Event: 1175.721 Thread 0x000001c625932510 flushing  nmethod 0x000001c62af0f090
Event: 1175.721 Thread 0x000001c625932510 flushing  nmethod 0x000001c62af1d290
Event: 1175.721 Thread 0x000001c625932510 flushing  nmethod 0x000001c62af1d610
Event: 1175.721 Thread 0x000001c625932510 flushing  nmethod 0x000001c62af1da90
Event: 1175.721 Thread 0x000001c625932510 flushing  nmethod 0x000001c62af1e590
Event: 1175.721 Thread 0x000001c625932510 flushing  nmethod 0x000001c62af1f190
Event: 1175.721 Thread 0x000001c625932510 flushing  nmethod 0x000001c62af1fa90
Event: 1175.721 Thread 0x000001c625932510 flushing  nmethod 0x000001c62af34d10
Event: 1175.721 Thread 0x000001c625932510 flushing  nmethod 0x000001c62af36d90
Event: 1175.721 Thread 0x000001c625932510 flushing  nmethod 0x000001c62af38c10
Event: 1175.721 Thread 0x000001c625932510 flushing  nmethod 0x000001c62af47f10
Event: 1175.721 Thread 0x000001c625932510 flushing  nmethod 0x000001c62af65f90
Event: 1175.721 Thread 0x000001c625932510 flushing osr nmethod 0x000001c62aff2410

Events (20 events):
Event: 1903.427 Thread 0x000001c6074ab3d0 Thread exited: 0x000001c6074ab3d0
Event: 1913.450 Thread 0x000001c6074aba60 Thread exited: 0x000001c6074aba60
Event: 1967.869 Thread 0x000001c6074a85e0 Thread exited: 0x000001c6074a85e0
Event: 1967.899 Thread 0x000001c6074ac780 Thread exited: 0x000001c6074ac780
Event: 1969.069 Thread 0x000001c60a35b110 Thread exited: 0x000001c60a35b110
Event: 1969.069 Thread 0x000001c60a359d60 Thread exited: 0x000001c60a359d60
Event: 1969.069 Thread 0x000001c60a35ec20 Thread exited: 0x000001c60a35ec20
Event: 1973.456 Thread 0x000001c609304ba0 Thread exited: 0x000001c609304ba0
Event: 2033.458 Thread 0x000001c6074a7230 Thread exited: 0x000001c6074a7230
Event: 2093.462 Thread 0x000001c6074a7f50 Thread exited: 0x000001c6074a7f50
Event: 2153.462 Thread 0x000001c606b426a0 Thread exited: 0x000001c606b426a0
Event: 2203.429 Thread 0x000001c6074ad4a0 Thread exited: 0x000001c6074ad4a0
Event: 2213.468 Thread 0x000001c606b40c60 Thread exited: 0x000001c606b40c60
Event: 2503.444 Thread 0x000001c609ac5490 Thread exited: 0x000001c609ac5490
Event: 2803.445 Thread 0x000001c6074adb30 Thread exited: 0x000001c6074adb30
Event: 3103.453 Thread 0x000001c609ac4770 Thread exited: 0x000001c609ac4770
Event: 3403.469 Thread 0x000001c60a361380 Thread exited: 0x000001c60a361380
Event: 3703.477 Thread 0x000001c6074aa6b0 Thread exited: 0x000001c6074aa6b0
Event: 4003.491 Thread 0x000001c6074aad40 Thread exited: 0x000001c6074aad40
Event: 4303.500 Thread 0x000001c6074aa020 Thread exited: 0x000001c6074aa020


Dynamic libraries:
0x00007ff7f0720000 - 0x00007ff7f072e000 	c:\Users\Usuario\.vscode\extensions\redhat.java-1.55.0-win32-x64\jre\21.0.11-win32-x86_64\bin\java.exe
0x00007ff805e60000 - 0x00007ff8060c7000 	C:\WINDOWS\SYSTEM32\ntdll.dll
0x00007ff804b80000 - 0x00007ff804c49000 	C:\WINDOWS\System32\KERNEL32.DLL
0x00007ff803440000 - 0x00007ff803837000 	C:\WINDOWS\System32\KERNELBASE.dll
0x00007ff8032f0000 - 0x00007ff80343b000 	C:\WINDOWS\System32\ucrtbase.dll
0x00007fffc98a0000 - 0x00007fffc98be000 	c:\Users\Usuario\.vscode\extensions\redhat.java-1.55.0-win32-x64\jre\21.0.11-win32-x86_64\bin\VCRUNTIME140.dll
0x00007fffca0e0000 - 0x00007fffca0f8000 	c:\Users\Usuario\.vscode\extensions\redhat.java-1.55.0-win32-x64\jre\21.0.11-win32-x86_64\bin\jli.dll
0x00007ff804790000 - 0x00007ff804956000 	C:\WINDOWS\System32\USER32.dll
0x00007ff803840000 - 0x00007ff803867000 	C:\WINDOWS\System32\win32u.dll
0x00007fffec290000 - 0x00007fffec522000 	C:\WINDOWS\WinSxS\amd64_microsoft.windows.common-controls_6595b64144ccf1df_6.0.26100.8457_none_3e0b2faee331e92d\COMCTL32.dll
0x00007ff803e00000 - 0x00007ff803e2b000 	C:\WINDOWS\System32\GDI32.dll
0x00007ff804040000 - 0x00007ff8040e9000 	C:\WINDOWS\System32\msvcrt.dll
0x00007ff802890000 - 0x00007ff8029bc000 	C:\WINDOWS\System32\gdi32full.dll
0x00007ff803900000 - 0x00007ff8039a3000 	C:\WINDOWS\System32\msvcp_win.dll
0x00007ff805cd0000 - 0x00007ff805d02000 	C:\WINDOWS\System32\IMM32.DLL
0x00007fffe7130000 - 0x00007fffe713c000 	c:\Users\Usuario\.vscode\extensions\redhat.java-1.55.0-win32-x64\jre\21.0.11-win32-x86_64\bin\vcruntime140_1.dll
0x00007fff917a0000 - 0x00007fff9182d000 	c:\Users\Usuario\.vscode\extensions\redhat.java-1.55.0-win32-x64\jre\21.0.11-win32-x86_64\bin\msvcp140.dll
0x00007fff6e330000 - 0x00007fff6f0d2000 	c:\Users\Usuario\.vscode\extensions\redhat.java-1.55.0-win32-x64\jre\21.0.11-win32-x86_64\bin\server\jvm.dll
0x00007ff804120000 - 0x00007ff8041d6000 	C:\WINDOWS\System32\ADVAPI32.dll
0x00007ff804600000 - 0x00007ff8046a7000 	C:\WINDOWS\System32\sechost.dll
0x00007ff803ce0000 - 0x00007ff803df8000 	C:\WINDOWS\System32\RPCRT4.dll
0x00007ff8052b0000 - 0x00007ff805330000 	C:\WINDOWS\System32\WS2_32.dll
0x00007ff802540000 - 0x00007ff80259e000 	C:\WINDOWS\SYSTEM32\POWRPROF.dll
0x00007ffff3df0000 - 0x00007ffff3e26000 	C:\WINDOWS\SYSTEM32\WINMM.dll
0x00007ffffdda0000 - 0x00007ffffddab000 	C:\WINDOWS\SYSTEM32\VERSION.dll
0x00007ff802490000 - 0x00007ff8024a4000 	C:\WINDOWS\SYSTEM32\UMPDC.dll
0x00007ff8014f0000 - 0x00007ff80150b000 	C:\WINDOWS\SYSTEM32\kernel.appcore.dll
0x00007fffe6fc0000 - 0x00007fffe6fca000 	c:\Users\Usuario\.vscode\extensions\redhat.java-1.55.0-win32-x64\jre\21.0.11-win32-x86_64\bin\jimage.dll
0x00007ffff14d0000 - 0x00007ffff1712000 	C:\WINDOWS\SYSTEM32\DBGHELP.DLL
0x00007ff8041e0000 - 0x00007ff804563000 	C:\WINDOWS\System32\combase.dll
0x00007ff8046b0000 - 0x00007ff804789000 	C:\WINDOWS\System32\OLEAUT32.dll
0x00007fffeb310000 - 0x00007fffeb34b000 	C:\WINDOWS\SYSTEM32\dbgcore.DLL
0x00007ff8039b0000 - 0x00007ff803a58000 	C:\WINDOWS\System32\bcryptPrimitives.dll
0x00007fffe6a20000 - 0x00007fffe6a2f000 	c:\Users\Usuario\.vscode\extensions\redhat.java-1.55.0-win32-x64\jre\21.0.11-win32-x86_64\bin\instrument.dll
0x00007fffc95c0000 - 0x00007fffc95e0000 	c:\Users\Usuario\.vscode\extensions\redhat.java-1.55.0-win32-x64\jre\21.0.11-win32-x86_64\bin\java.dll
0x00007ff805550000 - 0x00007ff805cbe000 	C:\WINDOWS\System32\SHELL32.dll
0x00007ff8029c0000 - 0x00007ff80322c000 	C:\WINDOWS\System32\windows.storage.dll
0x00007ff803e30000 - 0x00007ff803f26000 	C:\WINDOWS\System32\SHCORE.dll
0x00007ff803bf0000 - 0x00007ff803c56000 	C:\WINDOWS\System32\shlwapi.dll
0x00007ff8027b0000 - 0x00007ff8027d9000 	C:\WINDOWS\SYSTEM32\profapi.dll
0x00007fffc3610000 - 0x00007fffc3628000 	c:\Users\Usuario\.vscode\extensions\redhat.java-1.55.0-win32-x64\jre\21.0.11-win32-x86_64\bin\zip.dll
0x00007fffe0c40000 - 0x00007fffe0c50000 	C:\Users\Usuario\.vscode\extensions\redhat.java-1.55.0-win32-x64\jre\21.0.11-win32-x86_64\bin\net.dll
0x00007ffffd180000 - 0x00007ffffd2a9000 	C:\WINDOWS\SYSTEM32\WINHTTP.dll
0x00007ff801b30000 - 0x00007ff801b9c000 	C:\WINDOWS\system32\mswsock.dll
0x00007fffc7c90000 - 0x00007fffc7ca6000 	C:\Users\Usuario\.vscode\extensions\redhat.java-1.55.0-win32-x64\jre\21.0.11-win32-x86_64\bin\nio.dll
0x00007fffe0ad0000 - 0x00007fffe0ae0000 	c:\Users\Usuario\.vscode\extensions\redhat.java-1.55.0-win32-x64\jre\21.0.11-win32-x86_64\bin\verify.dll
0x00007fff9b6c0000 - 0x00007fff9b705000 	C:\Users\Usuario\AppData\Roaming\Code\User\globalStorage\redhat.java\1.55.0\config_win\org.eclipse.equinox.launcher\org.eclipse.equinox.launcher.win32.win32.x86_64_1.3.100.v20260613-0559\eclipse_11924.dll
0x00007ff8049e0000 - 0x00007ff804b77000 	C:\WINDOWS\System32\ole32.dll
0x00007ff801f30000 - 0x00007ff801f4b000 	C:\WINDOWS\SYSTEM32\CRYPTSP.dll
0x00007ff801560000 - 0x00007ff801599000 	C:\WINDOWS\system32\rsaenh.dll
0x00007ff801be0000 - 0x00007ff801c13000 	C:\WINDOWS\SYSTEM32\USERENV.dll
0x00007ff802780000 - 0x00007ff8027aa000 	C:\WINDOWS\SYSTEM32\bcrypt.dll
0x00007ff801d90000 - 0x00007ff801d9c000 	C:\WINDOWS\SYSTEM32\CRYPTBASE.dll
0x00007ff800fd0000 - 0x00007ff801002000 	C:\WINDOWS\SYSTEM32\IPHLPAPI.DLL
0x00007ff803be0000 - 0x00007ff803bea000 	C:\WINDOWS\System32\NSI.dll
0x00007fffa7040000 - 0x00007fffa7089000 	C:\Users\Usuario\AppData\Local\Temp\jna-1531808526\jna7984770578430931901.dll
0x00007ff805240000 - 0x00007ff805248000 	C:\WINDOWS\System32\PSAPI.DLL
0x00007ffffd410000 - 0x00007ffffd42d000 	C:\WINDOWS\SYSTEM32\dhcpcsvc6.DLL
0x00007ffffd150000 - 0x00007ffffd175000 	C:\WINDOWS\SYSTEM32\dhcpcsvc.DLL
0x00007fffe7990000 - 0x00007fffe799e000 	C:\Users\Usuario\.vscode\extensions\redhat.java-1.55.0-win32-x64\jre\21.0.11-win32-x86_64\bin\sunmscapi.dll
0x00007ff803a60000 - 0x00007ff803bd8000 	C:\WINDOWS\System32\CRYPT32.dll
0x00007ff802100000 - 0x00007ff802130000 	C:\WINDOWS\SYSTEM32\ncrypt.dll
0x00007ff8020b0000 - 0x00007ff8020ef000 	C:\WINDOWS\SYSTEM32\NTASN1.dll
0x00007ff801010000 - 0x00007ff801142000 	C:\WINDOWS\SYSTEM32\DNSAPI.dll
0x00007ffff86d0000 - 0x00007ffff86db000 	C:\Windows\System32\rasadhlp.dll
0x00007ffffc870000 - 0x00007ffffc8f6000 	C:\WINDOWS\System32\fwpuclnt.dll
0x00007fffddc90000 - 0x00007fffddc99000 	C:\Users\Usuario\.vscode\extensions\redhat.java-1.55.0-win32-x64\jre\21.0.11-win32-x86_64\bin\extnet.dll
0x00007ff801700000 - 0x00007ff801736000 	C:\WINDOWS\SYSTEM32\ntmarta.dll

JVMTI agents:
c:\Users\Usuario\.vscode\extensions\redhat.java-1.55.0-win32-x64\lombok\lombok-1.18.39-4050.jar path:c:\Users\Usuario\.vscode\extensions\redhat.java-1.55.0-win32-x64\jre\21.0.11-win32-x86_64\bin\instrument.dll, loaded, initialized, instrumentlib options:none

dbghelp: loaded successfully - version: 4.0.5 - missing functions: none
symbol engine: initialized successfully - sym options: 0x614 - pdb path: .;c:\Users\Usuario\.vscode\extensions\redhat.java-1.55.0-win32-x64\jre\21.0.11-win32-x86_64\bin;C:\WINDOWS\SYSTEM32;C:\WINDOWS\WinSxS\amd64_microsoft.windows.common-controls_6595b64144ccf1df_6.0.26100.8457_none_3e0b2faee331e92d;c:\Users\Usuario\.vscode\extensions\redhat.java-1.55.0-win32-x64\jre\21.0.11-win32-x86_64\bin\server;C:\Users\Usuario\AppData\Roaming\Code\User\globalStorage\redhat.java\1.55.0\config_win\org.eclipse.equinox.launcher\org.eclipse.equinox.launcher.win32.win32.x86_64_1.3.100.v20260613-0559;C:\Users\Usuario\AppData\Local\Temp\jna-1531808526

VM Arguments:
jvm_args: --add-modules=ALL-SYSTEM --add-opens=java.base/java.util=ALL-UNNAMED --add-opens=java.base/java.lang=ALL-UNNAMED --add-opens=java.base/sun.nio.fs=ALL-UNNAMED -Declipse.application=org.eclipse.jdt.ls.core.id1 -Dosgi.bundles.defaultStartLevel=4 -Declipse.product=org.eclipse.jdt.ls.core.product -Djava.import.generatesMetadataFilesAtProjectRoot=false -DDetectVMInstallationsJob.disabled=true -Dfile.encoding=utf8 -XX:+UseParallelGC -XX:GCTimeRatio=4 -XX:AdaptiveSizePolicyWeight=90 -Dsun.zip.disableMemoryMapping=true -Xmx2G -Xms100m -Xlog:disable -javaagent:c:\Users\Usuario\.vscode\extensions\redhat.java-1.55.0-win32-x64\lombok\lombok-1.18.39-4050.jar -XX:+HeapDumpOnOutOfMemoryError -XX:HeapDumpPath=c:\Users\Usuario\AppData\Roaming\Code\User\workspaceStorage\aa92371669930c0d767f10f954728c0f\redhat.java -Daether.dependencyCollector.impl=bf 
java_command: c:\Users\Usuario\.vscode\extensions\redhat.java-1.55.0-win32-x64\server\plugins\org.eclipse.equinox.launcher_1.7.200.v20260619-2039.jar -configuration c:\Users\Usuario\AppData\Roaming\Code\User\globalStorage\redhat.java\1.55.0\config_win -data c:\Users\Usuario\AppData\Roaming\Code\User\workspaceStorage\aa92371669930c0d767f10f954728c0f\redhat.java\jdt_ws --pipe=\\.\pipe\lsp-93c500938286c2980d352d0a874c5e83-sock
java_class_path (initial): c:\Users\Usuario\.vscode\extensions\redhat.java-1.55.0-win32-x64\server\plugins\org.eclipse.equinox.launcher_1.7.200.v20260619-2039.jar
Launcher Type: SUN_STANDARD

[Global flags]
    uintx AdaptiveSizePolicyWeight                 = 90                                        {product} {command line}
     intx CICompilerCount                          = 12                                        {product} {ergonomic}
    uintx GCTimeRatio                              = 4                                         {product} {command line}
     bool HeapDumpOnOutOfMemoryError               = true                                   {manageable} {command line}
    ccstr HeapDumpPath                             = c:\Users\Usuario\AppData\Roaming\Code\User\workspaceStorage\aa92371669930c0d767f10f954728c0f\redhat.java         {manageable} {command line}
   size_t InitialHeapSize                          = 104857600                                 {product} {command line}
   size_t MaxHeapSize                              = 2147483648                                {product} {command line}
   size_t MaxNewSize                               = 715653120                                 {product} {ergonomic}
   size_t MinHeapDeltaBytes                        = 524288                                    {product} {ergonomic}
   size_t MinHeapSize                              = 104857600                                 {product} {command line}
   size_t NewSize                                  = 34603008                                  {product} {ergonomic}
    uintx NonNMethodCodeHeapSize                   = 7602480                                {pd product} {ergonomic}
    uintx NonProfiledCodeHeapSize                  = 122027880                              {pd product} {ergonomic}
   size_t OldSize                                  = 70254592                                  {product} {ergonomic}
    uintx ProfiledCodeHeapSize                     = 122027880                              {pd product} {ergonomic}
    uintx ReservedCodeCacheSize                    = 251658240                              {pd product} {ergonomic}
     bool SegmentedCodeCache                       = true                                      {product} {ergonomic}
   size_t SoftMaxHeapSize                          = 2147483648                             {manageable} {ergonomic}
     bool UseCompressedOops                        = true                           {product lp64_product} {ergonomic}
     bool UseLargePagesIndividualAllocation        = false                                  {pd product} {ergonomic}
     bool UseParallelGC                            = true                                      {product} {command line}

Logging:
Log output configuration:
 #0: stdout all=off uptime,level,tags foldmultilines=false
 #1: stderr all=off uptime,level,tags foldmultilines=false

Release file:
JAVA_VERSION="21.0.11" 
MODULES="java.base java.compiler java.datatransfer java.xml java.prefs java.desktop java.instrument java.logging java.management java.security.sasl java.naming java.rmi java.management.rmi java.net.http java.scripting java.security.jgss java.transaction.xa java.sql java.sql.rowset java.xml.crypto java.se java.smartcardio jdk.accessibility jdk.internal.jvmstat jdk.attach jdk.charsets jdk.internal.opt jdk.zipfs jdk.compiler jdk.crypto.ec jdk.crypto.cryptoki jdk.crypto.mscapi jdk.dynalink jdk.internal.ed jdk.editpad jdk.hotspot.agent jdk.httpserver jdk.internal.le jdk.internal.vm.ci jdk.internal.vm.compiler jdk.internal.vm.compiler.management jdk.jartool jdk.javadoc jdk.jcmd jdk.management jdk.management.agent jdk.jconsole jdk.jdeps jdk.jdwp.agent jdk.jdi jdk.jfr jdk.jshell jdk.jsobject jdk.jstatd jdk.localedata jdk.management.jfr jdk.naming.dns jdk.naming.rmi jdk.net jdk.nio.mapmode jdk.random jdk.sctp jdk.security.auth jdk.security.jgss jdk.unsupported jdk.unsupported.desktop jdk.xml.dom" 

Environment Variables:
JAVA_HOME=C:\Program Files\Eclipse Adoptium\jdk-21.0.7.6-hotspot\
PATH=C:\Program Files (x86)\NVIDIA Corporation\PhysX\Common;C:\Program Files\Eclipse Adoptium\jdk-21.0.7.6-hotspot\bin;C:\WINDOWS\system32;C:\WINDOWS;C:\WINDOWS\System32\Wbem;C:\WINDOWS\System32\WindowsPowerShell\v1.0\;C:\WINDOWS\System32\OpenSSH\;C:\Program Files\dotnet\;D:\Git\cmd;C:\apache-maven-3.9.10\bin;C:\Program Files (x86)\Microsoft SQL Server\160\Tools\Binn\;C:\Program Files\Microsoft SQL Server\160\Tools\Binn\;C:\Program Files\Microsoft SQL Server\Client SDK\ODBC\170\Tools\Binn\;C:\Program Files\Microsoft SQL Server\160\DTS\Binn\;C:\Program Files\Docker\Docker\resources\bin;C:\Program Files\nodejs\;C:\Users\Usuario\AppData\Local\Programs\Python\Python310\Scripts\;C:\Users\Usuario\AppData\Local\Programs\Python\Python310\;C:\Users\Usuario\AppData\Local\Microsoft\WindowsApps;C:\apache-maven-3.9.10\bin;D:\Microsoft VS Code\bin;C:\Users\Usuario\AppData\Roaming\npm
USERNAME=Usuario
OS=Windows_NT
PROCESSOR_IDENTIFIER=AMD64 Family 25 Model 80 Stepping 0, AuthenticAMD
TMP=C:\Users\Usuario\AppData\Local\Temp
TEMP=C:\Users\Usuario\AppData\Local\Temp




Periodic native trim disabled

---------------  S Y S T E M  ---------------

OS:
 Windows 11 , 64 bit Build 26100 (10.0.26100.8328)
OS uptime: 1 days 8:29 hours
Hyper-V role detected

CPU: total 16 (initial active 16) (16 cores per cpu, 2 threads per core) family 25 model 80 stepping 0 microcode 0xa50000d, cx8, cmov, fxsr, ht, mmx, 3dnowpref, sse, sse2, sse3, ssse3, sse4a, sse4.1, sse4.2, popcnt, lzcnt, tsc, tscinvbit, avx, avx2, aes, erms, clmul, bmi1, bmi2, adx, sha, fma, vzeroupper, clflush, clflushopt, hv, rdtscp, rdpid, fsrm, f16c, cet_ss
Processor Information for the first 16 processors :
  Max Mhz: 3801, Current Mhz: 3801, Mhz Limit: 3801

Memory: 4k page, system-wide physical 32634M (5251M free)
TotalPageFile size 61130M (AvailPageFile size 14M)
current process WorkingSet (physical memory assigned to process): 296M, peak: 1505M
current process commit charge ("private bytes"): 1415M, peak: 1434M

vm_info: OpenJDK 64-Bit Server VM (21.0.11+10-LTS) for windows-amd64 JRE (21.0.11+10-LTS), built on 2026-04-21T00:00:00Z by "admin" with MS VC++ 17.12 (VS2022)

END.
